c:\users\김동완\desktop\pin-2.14-71313-msvc12-windows\source\tools\mypintool\debug\mypintool.obj
c:\users\김동완\desktop\pin-2.14-71313-msvc12-windows\source\tools\mypintool\debug\vc100.pdb
c:\users\김동완\desktop\pintool2013\source\tools\mypintool\debug\vc120.pdb
c:\users\김동완\desktop\pintool2013\source\tools\mypintool\debug\mypintool.obj
c:\users\김동완\desktop\pintool2013\mypintool.dll
c:\users\김동완\desktop\pintool2013\mypintool.pdb
c:\users\김동완\desktop\pintool2013\source\tools\mypintool\debug\mypintool.lib
c:\users\김동완\desktop\pintool2013\source\tools\mypintool\debug\mypintool.exp
c:\users\김동완\desktop\pintool2013\mypintool.lib
c:\users\김동완\desktop\pintool2013\mypintool.exp
c:\users\김동완\desktop\pintool2013\source\tools\mypintool\debug\cl.command.1.tlog
c:\users\김동완\desktop\pintool2013\source\tools\mypintool\debug\cl.read.1.tlog
c:\users\김동완\desktop\pintool2013\source\tools\mypintool\debug\cl.write.1.tlog
c:\users\김동완\desktop\pintool2013\source\tools\mypintool\debug\link.command.1.tlog
c:\users\김동완\desktop\pintool2013\source\tools\mypintool\debug\link.read.1.tlog
c:\users\김동완\desktop\pintool2013\source\tools\mypintool\debug\link.write.1.tlog
c:\users\김동완\desktop\pintool2013\source\tools\mypintool\debug\mypintool.pdb
c:\users\김동완\desktop\pintool2013\source\tools\mypintool\debug\vc100.pdb
c:\users\김동완\desktop\pintool2013\source\tools\mypintool\..\..\..\mypintool.dll
c:\users\김동완\desktop\pintool2013\source\tools\mypintool\debug\mypintool.tlog\cl.command.1.tlog
c:\users\김동완\desktop\pintool2013\source\tools\mypintool\debug\mypintool.tlog\cl.read.1.tlog
c:\users\김동완\desktop\pintool2013\source\tools\mypintool\debug\mypintool.tlog\cl.write.1.tlog
c:\users\김동완\desktop\pintool2013\source\tools\mypintool\debug\mypintool.tlog\link.command.1.tlog
c:\users\김동완\desktop\pintool2013\source\tools\mypintool\debug\mypintool.tlog\link.read.1.tlog
c:\users\김동완\desktop\pintool2013\source\tools\mypintool\debug\mypintool.tlog\link.write.1.tlog
c:\users\김동완\desktop\pintool2013\source\tools\mypintool\debug\mypintool.tlog\mypintool.write.1u.tlog
